d:\fing\proyectos\comp grafica\whitted-ray-tracing-obligatorio-2-comp-graf\obl2-ray-traicing\obl2-ray.5281de98\x64\release\vc143.pdb
d:\fing\proyectos\comp grafica\whitted-ray-tracing-obligatorio-2-comp-graf\obl2-ray-traicing\obl2-ray.5281de98\x64\release\utils.obj
d:\fing\proyectos\comp grafica\whitted-ray-tracing-obligatorio-2-comp-graf\obl2-ray-traicing\obl2-ray.5281de98\x64\release\triangulo.obj
d:\fing\proyectos\comp grafica\whitted-ray-tracing-obligatorio-2-comp-graf\obl2-ray-traicing\obl2-ray.5281de98\x64\release\rayo.obj
d:\fing\proyectos\comp grafica\whitted-ray-tracing-obligatorio-2-comp-graf\obl2-ray-traicing\obl2-ray.5281de98\x64\release\plano.obj
d:\fing\proyectos\comp grafica\whitted-ray-tracing-obligatorio-2-comp-graf\obl2-ray-traicing\obl2-ray.5281de98\x64\release\objloader.obj
d:\fing\proyectos\comp grafica\whitted-ray-tracing-obligatorio-2-comp-graf\obl2-ray-traicing\obl2-ray.5281de98\x64\release\objetosescena.obj
d:\fing\proyectos\comp grafica\whitted-ray-tracing-obligatorio-2-comp-graf\obl2-ray-traicing\obl2-ray.5281de98\x64\release\objeto.obj
d:\fing\proyectos\comp grafica\whitted-ray-tracing-obligatorio-2-comp-graf\obl2-ray-traicing\obl2-ray.5281de98\x64\release\mathvector.obj
d:\fing\proyectos\comp grafica\whitted-ray-tracing-obligatorio-2-comp-graf\obl2-ray-traicing\obl2-ray.5281de98\x64\release\malla.obj
d:\fing\proyectos\comp grafica\whitted-ray-tracing-obligatorio-2-comp-graf\obl2-ray-traicing\obl2-ray.5281de98\x64\release\main.obj
d:\fing\proyectos\comp grafica\whitted-ray-tracing-obligatorio-2-comp-graf\obl2-ray-traicing\obl2-ray.5281de98\x64\release\luzpuntual.obj
d:\fing\proyectos\comp grafica\whitted-ray-tracing-obligatorio-2-comp-graf\obl2-ray-traicing\obl2-ray.5281de98\x64\release\luzambiente.obj
d:\fing\proyectos\comp grafica\whitted-ray-tracing-obligatorio-2-comp-graf\obl2-ray-traicing\obl2-ray.5281de98\x64\release\esfera.obj
d:\fing\proyectos\comp grafica\whitted-ray-tracing-obligatorio-2-comp-graf\obl2-ray-traicing\obl2-ray.5281de98\x64\release\ejemplo.obj
d:\fing\proyectos\comp grafica\whitted-ray-tracing-obligatorio-2-comp-graf\obl2-ray-traicing\obl2-ray.5281de98\x64\release\color.obj
d:\fing\proyectos\comp grafica\whitted-ray-tracing-obligatorio-2-comp-graf\obl2-ray-traicing\obl2-ray.5281de98\x64\release\cilindro.obj
d:\fing\proyectos\comp grafica\whitted-ray-tracing-obligatorio-2-comp-graf\obl2-ray-traicing\obl2-ray.5281de98\x64\release\cargaarchivo.obj
d:\fing\proyectos\comp grafica\whitted-ray-tracing-obligatorio-2-comp-graf\obl2-ray-traicing\obl2-ray.5281de98\x64\release\camara.obj
d:\fing\proyectos\comp grafica\whitted-ray-tracing-obligatorio-2-comp-graf\obl2-ray-traicing\obl2-ray.5281de98\x64\release\obl2-ray-traicing.ipdb
d:\fing\proyectos\comp grafica\whitted-ray-tracing-obligatorio-2-comp-graf\obl2-ray-traicing\obl2-ray.5281de98\x64\release\obl2-ray-traicing.iobj
d:\fing\proyectos\comp grafica\whitted-ray-tracing-obligatorio-2-comp-graf\obl2-ray-traicing\obl2-ray.5281de98\x64\release\configuracionescena.obj
d:\fing\proyectos\comp grafica\whitted-ray-tracing-obligatorio-2-comp-graf\obl2-ray-traicing\obl2-ray.5281de98\x64\release\divisionespacio.obj
d:\fing\proyectos\comp grafica\whitted-ray-tracing-obligatorio-2-comp-graf\obl2-ray-traicing\x64\release\obl2-ray-traicing.pdb
d:\fing\proyectos\comp grafica\whitted-ray-tracing-obligatorio-2-comp-graf\obl2-ray-traicing\obl2-ray.5281de98\x64\release\obl2-ray.5281de98.tlog\cl.command.1.tlog
d:\fing\proyectos\comp grafica\whitted-ray-tracing-obligatorio-2-comp-graf\obl2-ray-traicing\obl2-ray.5281de98\x64\release\obl2-ray.5281de98.tlog\cl.items.tlog
d:\fing\proyectos\comp grafica\whitted-ray-tracing-obligatorio-2-comp-graf\obl2-ray-traicing\obl2-ray.5281de98\x64\release\obl2-ray.5281de98.tlog\cl.read.1.tlog
d:\fing\proyectos\comp grafica\whitted-ray-tracing-obligatorio-2-comp-graf\obl2-ray-traicing\obl2-ray.5281de98\x64\release\obl2-ray.5281de98.tlog\cl.write.1.tlog
d:\fing\proyectos\comp grafica\whitted-ray-tracing-obligatorio-2-comp-graf\obl2-ray-traicing\obl2-ray.5281de98\x64\release\obl2-ray.5281de98.tlog\link.command.1.tlog
d:\fing\proyectos\comp grafica\whitted-ray-tracing-obligatorio-2-comp-graf\obl2-ray-traicing\obl2-ray.5281de98\x64\release\obl2-ray.5281de98.tlog\link.read.1.tlog
d:\fing\proyectos\comp grafica\whitted-ray-tracing-obligatorio-2-comp-graf\obl2-ray-traicing\obl2-ray.5281de98\x64\release\obl2-ray.5281de98.tlog\link.secondary.1.tlog
d:\fing\proyectos\comp grafica\whitted-ray-tracing-obligatorio-2-comp-graf\obl2-ray-traicing\obl2-ray.5281de98\x64\release\obl2-ray.5281de98.tlog\link.write.1.tlog
