  Camara.cpp
D:\FING\Proyectos\Comp Grafica\Whitted-ray-tracing-obligatorio-2-Comp-Graf\obl2-ray-traicing\ObjetosEscena.h(12,17): warning C4244: '=': conversión de 'float' a 'unsigned int'; posible pérdida de datos
  (compilando archivo de origen "Camara.cpp")
  
D:\FING\Proyectos\Comp Grafica\Whitted-ray-tracing-obligatorio-2-Comp-Graf\obl2-ray-traicing\ObjetosEscena.h(13,17): warning C4244: '=': conversión de 'float' a 'unsigned int'; posible pérdida de datos
  (compilando archivo de origen "Camara.cpp")
  
D:\FING\Proyectos\Comp Grafica\Whitted-ray-tracing-obligatorio-2-Comp-Graf\obl2-ray-traicing\Camara.cpp(36,16): warning C4244: 'inicializando': conversión de 'int' a 'float'; posible pérdida de datos
D:\FING\Proyectos\Comp Grafica\Whitted-ray-tracing-obligatorio-2-Comp-Graf\obl2-ray-traicing\Camara.cpp(37,16): warning C4244: 'inicializando': conversión de 'int' a 'float'; posible pérdida de datos
  main.cpp
D:\FING\Proyectos\Comp Grafica\Whitted-ray-tracing-obligatorio-2-Comp-Graf\obl2-ray-traicing\ObjetosEscena.h(12,17): warning C4244: '=': conversión de 'float' a 'unsigned int'; posible pérdida de datos
  (compilando archivo de origen "main.cpp")
  
D:\FING\Proyectos\Comp Grafica\Whitted-ray-tracing-obligatorio-2-Comp-Graf\obl2-ray-traicing\ObjetosEscena.h(13,17): warning C4244: '=': conversión de 'float' a 'unsigned int'; posible pérdida de datos
  (compilando archivo de origen "main.cpp")
  
D:\FING\Proyectos\Comp Grafica\Whitted-ray-tracing-obligatorio-2-Comp-Graf\obl2-ray-traicing\main.cpp(14,50): warning C4244: '=': conversión de 'float' a 'unsigned int'; posible pérdida de datos
D:\FING\Proyectos\Comp Grafica\Whitted-ray-tracing-obligatorio-2-Comp-Graf\obl2-ray-traicing\main.cpp(15,51): warning C4244: '=': conversión de 'float' a 'unsigned int'; posible pérdida de datos
  Generando código
  1 of 205 functions ( 0.5%) were compiled, the rest were copied from previous compilation.
    0 functions were new in current compilation
    1 functions had inline decision re-evaluated but remain unchanged
  Generación de código finalizada
  obl2-ray-traicing.vcxproj -> D:\FING\Proyectos\Comp Grafica\Whitted-ray-tracing-obligatorio-2-Comp-Graf\obl2-ray-traicing\x64\Release\obl2-ray-traicing.exe
